<?xml version="1.0" encoding="UTF-8"?>
<!-- Generated by org.testng.reporters.JUnitXMLReporter -->
<testsuite ignored="0" hostname="LAPTOP-IJ8J0UKI" failures="0" tests="3" name="Test" time="38.985" errors="0" timestamp="2023-06-15T10:55:08 IST">
  <testcase classname="testclass.Practice_test" name="radiobtn" time="0.391"/>
  <testcase classname="testclass.country_datainput_test" name="enterdetails" time="0.207"/>
  <testcase classname="testclass.Dropdown_test" name="checkdropdownfunctionality" time="0.417"/>
</testsuite> <!-- Test -->
